LEVEL:20took	0.578671311704finished at Mon Jun 11 14:33:37 2007at X,Y:5,7
LEVEL:21took	1.01213401523finished at Mon Jun 11 14:33:45 2007at X,Y:8,1
LEVEL:25took	0.0948530039127finished at Mon Jun 11 14:33:47 2007at X,Y:9,7
LEVEL:25took	0.0927291768801finished at Mon Jun 11 14:33:58 2007at X,Y:9,7
LEVEL:27took	0.515269726712finished at Mon Jun 11 14:34:01 2007at X,Y:8,8
LEVEL:30took	0.877772512073finished at Mon Jun 11 14:34:05 2007at X,Y:9,5
LEVEL:10took	0.0671963846098finished at Mon Jun 11 14:42:32 2007at X,Y:1,1
LEVEL:30took	2.27173827431finished at Mon Jun 11 14:42:38 2007at X,Y:9,5
LEVEL:35took	1.37270076858finished at Mon Jun 11 14:43:47 2007at X,Y:4,7
LEVEL:4took	0.0105804519819finished at Mon Jun 11 15:16:23 2007at X,Y:0,1
LEVEL:10took	0.0711738851578finished at Mon Jun 11 15:16:27 2007at X,Y:1,1
LEVEL:20took	0.744061395205finished at Mon Jun 11 15:16:30 2007at X,Y:5,7
LEVEL:21took	2.9065822904finished at Mon Jun 11 15:16:35 2007at X,Y:8,1
LEVEL:22took	0.273128572378finished at Mon Jun 11 15:16:41 2007at X,Y:8,8
LEVEL:30took	3.82643666441finished at Mon Jun 11 15:16:48 2007at X,Y:9,5
LEVEL:33took	4.26461479669finished at Mon Jun 11 15:16:56 2007at X,Y:4,0
LEVEL:40took	0.86520183244finished at Mon Jun 11 16:04:45 2007at X,Y:8,15
LEVEL:40took	0.811331498236finished at Mon Jun 11 16:21:12 2007at X,Y:8,15
LEVEL:40took	0.813412131901finished at Mon Jun 11 16:21:50 2007at X,Y:8,15
LEVEL:40took	34.2155736689finished at Mon Jun 11 16:26:36 2007at X,Y:8,15
LEVEL:40took	5.72618913523finished at Mon Jun 11 16:26:56 2007at X,Y:8,15
LEVEL:40took	0.634735290327finished at Mon Jun 11 16:29:06 2007at X,Y:8,15
LEVEL:40took	0.931236396036finished at Mon Jun 11 16:29:14 2007at X,Y:8,15
LEVEL:100took	131.411658231finished at Mon Jun 11 16:31:35 2007at X,Y:2,24
LEVEL:100took	97.0785532271finished at Mon Jun 11 16:35:38 2007at X,Y:2,24
LEVEL:100took	118.68157824finished at Mon Jun 11 16:38:11 2007at X,Y:2,24
LEVEL:20took	0.372554896138finished at Mon Jun 11 16:49:55 2007at X,Y:5,7
LEVEL:21took	1.72819101118finished at Mon Jun 11 16:50:01 2007at X,Y:8,1
LEVEL:26took	1.28579814531finished at Mon Jun 11 16:50:11 2007at X,Y:2,4
LEVEL:40took	2.34991723629finished at Mon Jun 11 16:50:20 2007at X,Y:8,15
LEVEL:40took	0.995491301142finished at Mon Jun 11 16:50:27 2007at X,Y:8,15
LEVEL:40took	0.628012233537finished at Mon Jun 11 16:50:36 2007at X,Y:8,15
LEVEL:41took	0.166742603812finished at Mon Jun 11 16:50:44 2007at X,Y:16,10
LEVEL:80took	0.916088074693finished at Mon Jun 11 16:50:49 2007at X,Y:6,24
LEVEL:80took	0.595276589808finished at Mon Jun 11 16:50:57 2007at X,Y:6,24
LEVEL:97took	22.2120084747finished at Mon Jun 11 17:04:13 2007at X,Y:15,32
LEVEL:97took	15.5473833925finished at Mon Jun 11 17:04:57 2007at X,Y:15,32
LEVEL:97took	15.9954548888finished at Mon Jun 11 17:09:45 2007at X,Y:15,32
LEVEL:97took	19.2496478656finished at Mon Jun 11 17:10:12 2007at X,Y:15,32
LEVEL:97took	19.6926326176finished at Mon Jun 11 17:12:20 2007at X,Y:15,32
LEVEL:210took	15106.891028finished at Wed Jun 13 19:01:31 2007at X,Y:40,5
LEVEL:211took	2588.82233033finished at Wed Jun 13 19:44:50 2007at X,Y:18,22
LEVEL:212took	25668.7786224finished at Thu Jun 14 02:52:48 2007at X,Y:59,45
LEVEL:213took	34364.06302finished at Thu Jun 14 12:25:40 2007at X,Y:67,16
LEVEL:20took	1.0833817035finished at Thu Jun 14 15:48:40 2007at X,Y:5,7
LEVEL:26took	0.903329134033finished at Thu Jun 14 15:48:45 2007at X,Y:2,4
LEVEL:50took	37.6210243635finished at Fri Jun 15 17:19:05 2007at X,Y:2,4
LEVEL:100took	322.941609525finished at Fri Jun 15 17:27:14 2007at X,Y:2,24
LEVEL:214took	99671.2004323finished at Sat Jun 16 21:57:56 2007at X,Y:38,54
LEVEL:218took	19371.6280809finished at Sun Jun 17 03:20:54 2007at X,Y:66,51
LEVEL:219took	47492.4366491finished at Sun Jun 17 16:32:33 2007at X,Y:12,58
LEVEL:221took	35315.4831065finished at Mon Jun 18 02:21:16 2007at X,Y:32,65
LEVEL:222took	2319.5807355finished at Mon Jun 18 03:02:38 2007at X,Y:71,73
LEVEL:223took	12643.4336596finished at Mon Jun 18 06:37:11 2007at X,Y:23,14
LEVEL:224took	350.13606854finished at Mon Jun 18 06:43:04 2007at X,Y:67,14
LEVEL:225took	22283.7027855finished at Mon Jun 18 12:55:36 2007at X,Y:13,43
LEVEL:226took	10798.43961finished at Mon Jun 18 21:16:16 2007at X,Y:73,23
LEVEL:227took	68530.3762593finished at Tue Jun 19 16:18:31 2007at X,Y:77,69
LEVEL:228took	12151.6281187finished at Tue Jun 19 21:29:07 2007at X,Y:49,59
LEVEL:229took	15272.0948977finished at Wed Jun 20 01:43:44 2007at X,Y:74,0
LEVEL:232took	7234.09445526finished at Wed Jun 20 22:50:56 2007at X,Y:24,58
LEVEL:233took	17967.2945765finished at Thu Jun 21 03:50:28 2007at X,Y:75,46
LEVEL:234took	3839.32050638finished at Thu Jun 21 04:54:31 2007at X,Y:46,75
LEVEL:235took	11835.4643793finished at Thu Jun 21 08:11:50 2007at X,Y:19,69
LEVEL:238took	577.489153128finished at Thu Jun 21 09:33:17 2007at X,Y:44,77
LEVEL:244took	8800.91275492finished at Thu Jun 21 19:45:17 2007at X,Y:47,12
LEVEL:245took	1514.79493666finished at Thu Jun 21 20:10:36 2007at X,Y:82,27
